<?xml version="1.0" encoding="UTF-8"?>
<!-- Generated by org.testng.reporters.JUnitXMLReporter -->
<testsuite hostname="VINITH" ignored="0" name="Test1" tests="4" failures="0" timestamp="2021-08-01T13:40:54 IST" time="116.894" errors="0">
  <testcase name="windowSettings" time="1.163" classname="test.EbayCrossBrowserParameter_8"/>
  <testcase name="navigateURL" time="27.969" classname="test.EbayCrossBrowserParameter_8"/>
  <testcase name="getPageInfo" time="0.501" classname="test.EbayCrossBrowserParameter_8"/>
  <testcase name="searchProduct" time="36.501" classname="test.EbayCrossBrowserParameter_8"/>
</testsuite> <!-- Test1 -->
