<?xml version="1.0" encoding="UTF-8"?>
<!-- Generated by org.testng.reporters.JUnitXMLReporter -->
<testsuite hostname="VINITH" ignored="0" name="Test2" tests="4" failures="1" timestamp="2021-08-01T13:46:05 IST" time="159.665" errors="0">
  <testcase name="windowSettings" time="2.107" classname="test.EbayCrossBrowserParameter_8"/>
  <testcase name="navigateURL" time="49.828" classname="test.EbayCrossBrowserParameter_8"/>
  <testcase name="getPageInfo" time="0.427" classname="test.EbayCrossBrowserParameter_8"/>
  <testcase name="searchProduct" time="38.327" classname="test.EbayCrossBrowserParameter_8">
    <failure type="org.openqa.selenium.TimeoutException" message="timeout: Timed out receiving message from renderer: 30.000
  (Session info: MicrosoftEdge=92.0.902.62)
Build info: version: &amp;apos;4.0.0-beta-4&amp;apos;, revision: &amp;apos;29f46d02dd&amp;apos;
System info: host: &amp;apos;VINITH&amp;apos;, ip: &amp;apos;192.168.43.91&amp;apos;, os.name: &amp;apos;Windows 10&amp;apos;, os.arch: &amp;apos;amd64&amp;apos;, os.version: &amp;apos;10.0&amp;apos;, java.version: &amp;apos;1.8.0_291&amp;apos;
Driver info: org.openqa.selenium.edge.EdgeDriver
Command: [60bbdf56d45a41deeb06cee065b06d0b, getElementTagName {id=100957ce-7ccd-4094-b8b5-2abcf1eaa4dc}]
Capabilities {acceptInsecureCerts: false, browserName: msedge, browserVersion: 92.0.902.62, javascriptEnabled: true, ms:edgeOptions: {debuggerAddress: localhost:53686}, msedge: {msedgedriverVersion: 91.0.864.54 (c789bf186b9667..., userDataDir: C:\Users\Vinith\AppData\Loc...}, networkConnectionEnabled: false, pageLoadStrategy: normal, platform: WINDOWS, platformName: WINDOWS, proxy: Proxy(), se:cdp: ws://localhost:53686/devtoo..., se:cdpVersion: 92.0.902.62, setWindowRect: true, strictFileInteractability: false, timeouts: {implicit: 0, pageLoad: 300000, script: 30000}, unhandledPromptBehavior: dismiss and notify, webauthn:extension:largeBlob: true, webauthn:virtualAuthenticators: true}
Element: [[EdgeDriver: msedge on WINDOWS (60bbdf56d45a41deeb06cee065b06d0b)] -&amp;gt; xpath: //select[@id=&amp;apos;gh-cat&amp;apos;]]
Session ID: 60bbdf56d45a41deeb06cee065b06d0b">
      <![CDATA[org.openqa.selenium.TimeoutException: timeout: Timed out receiving message from renderer: 30.000
  (Session info: MicrosoftEdge=92.0.902.62)
Build info: version: '4.0.0-beta-4', revision: '29f46d02dd'
System info: host: 'VINITH', ip: '192.168.43.91', os.name: 'Windows 10', os.arch: 'amd64', os.version: '10.0', java.version: '1.8.0_291'
Driver info: org.openqa.selenium.edge.EdgeDriver
Command: [60bbdf56d45a41deeb06cee065b06d0b, getElementTagName {id=100957ce-7ccd-4094-b8b5-2abcf1eaa4dc}]
Capabilities {acceptInsecureCerts: false, browserName: msedge, browserVersion: 92.0.902.62, javascriptEnabled: true, ms:edgeOptions: {debuggerAddress: localhost:53686}, msedge: {msedgedriverVersion: 91.0.864.54 (c789bf186b9667..., userDataDir: C:\Users\Vinith\AppData\Loc...}, networkConnectionEnabled: false, pageLoadStrategy: normal, platform: WINDOWS, platformName: WINDOWS, proxy: Proxy(), se:cdp: ws://localhost:53686/devtoo..., se:cdpVersion: 92.0.902.62, setWindowRect: true, strictFileInteractability: false, timeouts: {implicit: 0, pageLoad: 300000, script: 30000}, unhandledPromptBehavior: dismiss and notify, webauthn:extension:largeBlob: true, webauthn:virtualAuthenticators: true}
Element: [[EdgeDriver: msedge on WINDOWS (60bbdf56d45a41deeb06cee065b06d0b)] -> xpath: //select[@id='gh-cat']]
Session ID: 60bbdf56d45a41deeb06cee065b06d0b
at org.openqa.selenium.remote.codec.w3c.W3CHttpResponseCodec.createException(W3CHttpResponseCodec.java:200)
at org.openqa.selenium.remote.codec.w3c.W3CHttpResponseCodec.decode(W3CHttpResponseCodec.java:133)
at org.openqa.selenium.remote.codec.w3c.W3CHttpResponseCodec.decode(W3CHttpResponseCodec.java:53)
at org.openqa.selenium.remote.HttpCommandExecutor.execute(HttpCommandExecutor.java:184)
at org.openqa.selenium.remote.service.DriverCommandExecutor.invokeExecute(DriverCommandExecutor.java:162)
at org.openqa.selenium.remote.service.DriverCommandExecutor.execute(DriverCommandExecutor.java:137)
at org.openqa.selenium.remote.RemoteWebDriver.execute(RemoteWebDriver.java:612)
at org.openqa.selenium.remote.RemoteWebElement.execute(RemoteWebElement.java:235)
at org.openqa.selenium.remote.RemoteWebElement.getTagName(RemoteWebElement.java:127)
at org.openqa.selenium.support.ui.Select.<init>(Select.java:46)
at test.EbayCrossBrowserParameter_8.searchProduct(EbayCrossBrowserParameter_8.java:80)
at java.util.ArrayList.forEach(Unknown Source)
at java.util.concurrent.FutureTask.run(Unknown Source)
at java.util.concurrent.ThreadPoolExecutor.runWorker(Unknown Source)
at java.util.concurrent.ThreadPoolExecutor$Worker.run(Unknown Source)
at java.lang.Thread.run(Unknown Source)
... Removed 22 stack frames]]>
    </failure>
  </testcase> <!-- searchProduct -->
</testsuite> <!-- Test2 -->
