<?xml version="1.0" encoding="UTF-8"?>
<!-- Generated by org.testng.reporters.JUnitXMLReporter -->
<testsuite hostname="VINITH" ignored="0" name="Test" tests="11" failures="1" timestamp="2021-08-05T20:08:30 IST" time="65.636" errors="0">
  <testcase name="windowSettings" time="0.45" classname="testng.EbayTestngIRetryAnalyzer_AnnotationTransformer_Xml_19"/>
  <testcase name="navigateURL" time="29.272" classname="testng.EbayTestngIRetryAnalyzer_AnnotationTransformer_Xml_19"/>
  <testcase name="getPageInfo" time="0.108" classname="testng.EbayTestngIRetryAnalyzer_AnnotationTransformer_Xml_19">
    <skipped/>
  </testcase> <!-- getPageInfo -->
  <testcase name="getPageInfo" time="0.224" classname="testng.EbayTestngIRetryAnalyzer_AnnotationTransformer_Xml_19">
    <skipped/>
  </testcase> <!-- getPageInfo -->
  <testcase name="getPageInfo" time="0.84" classname="testng.EbayTestngIRetryAnalyzer_AnnotationTransformer_Xml_19"/>
  <testcase name="searchProduct" time="3.042" classname="testng.EbayTestngIRetryAnalyzer_AnnotationTransformer_Xml_19">
    <skipped/>
  </testcase> <!-- searchProduct -->
  <testcase name="searchProduct" time="3.014" classname="testng.EbayTestngIRetryAnalyzer_AnnotationTransformer_Xml_19">
    <skipped/>
  </testcase> <!-- searchProduct -->
  <testcase name="searchProduct" time="3.015" classname="testng.EbayTestngIRetryAnalyzer_AnnotationTransformer_Xml_19">
    <skipped/>
  </testcase> <!-- searchProduct -->
  <testcase name="searchProduct" time="3.018" classname="testng.EbayTestngIRetryAnalyzer_AnnotationTransformer_Xml_19">
    <skipped/>
  </testcase> <!-- searchProduct -->
  <testcase name="searchProduct" time="3.018" classname="testng.EbayTestngIRetryAnalyzer_AnnotationTransformer_Xml_19">
    <skipped/>
  </testcase> <!-- searchProduct -->
  <testcase name="searchProduct" time="3.038" classname="testng.EbayTestngIRetryAnalyzer_AnnotationTransformer_Xml_19">
    <failure type="org.testng.internal.thread.ThreadTimeoutException" message="Method testng.EbayTestngIRetryAnalyzer_AnnotationTransformer_Xml_19.searchProduct() didn&amp;apos;t finish within the time-out 3000">
      <![CDATA[org.testng.internal.thread.ThreadTimeoutException: Method testng.EbayTestngIRetryAnalyzer_AnnotationTransformer_Xml_19.searchProduct() didn't finish within the time-out 3000
at java.util.ArrayList.forEach(Unknown Source)
... Removed 24 stack frames]]>
    </failure>
  </testcase> <!-- searchProduct -->
</testsuite> <!-- Test -->
